npm verbose cli /usr/local/bin/node /usr/local/bin/npm
npm info using npm@10.9.2
npm info using node@v22.15.0
npm verbose title npm install
npm verbose argv "install" "--legacy-peer-deps" "--loglevel" "verbose"
npm verbose logfile logs-max:10 dir:/Users/nikolaybazhan/.npm/_logs/2026-02-24T13_43_29_709Z-
npm verbose logfile /Users/nikolaybazhan/.npm/_logs/2026-02-24T13_43_29_709Z-debug-0.log
npm http cache https://registry.npmjs.org/@aws-sdk%2fclient-s3 25ms (cache hit)
npm http cache https://registry.npmjs.org/@aws-sdk%2flib-storage 12ms (cache hit)
npm http cache https://registry.npmjs.org/@aws-sdk%2fs3-request-presigner 15ms (cache hit)
npm http cache https://registry.npmjs.org/@dnd-kit%2fcore 8ms (cache hit)
npm http cache https://registry.npmjs.org/@dnd-kit%2fsortable 9ms (cache hit)
npm http cache https://registry.npmjs.org/@dnd-kit%2futilities 10ms (cache hit)
npm http cache https://registry.npmjs.org/@hookform%2fresolvers 9ms (cache hit)
npm http cache https://registry.npmjs.org/@prisma%2fclient 271ms (cache hit)
npm http cache https://registry.npmjs.org/@radix-ui%2freact-dialog 37ms (cache hit)
npm http cache https://registry.npmjs.org/@radix-ui%2freact-select 17ms (cache hit)
npm http cache https://registry.npmjs.org/@radix-ui%2freact-toast 8ms (cache hit)
npm http cache https://registry.npmjs.org/@types%2fbcryptjs 5ms (cache hit)
npm http cache https://registry.npmjs.org/@types%2fjsonwebtoken 9ms (cache hit)
npm http cache https://registry.npmjs.org/@types%2fnode 30ms (cache hit)
npm http cache https://registry.npmjs.org/@types%2fpdfkit 6ms (cache hit)
npm http cache https://registry.npmjs.org/@types%2freact 10ms (cache hit)
npm http cache https://registry.npmjs.org/@types%2freact-dom 6ms (cache hit)
npm http cache https://registry.npmjs.org/@vercel%2fblob 10ms (cache hit)
npm http cache https://registry.npmjs.org/autoprefixer 8ms (cache hit)
npm http cache https://registry.npmjs.org/bcryptjs 4ms (cache hit)
npm http cache https://registry.npmjs.org/class-variance-authority 3ms (cache hit)
npm http cache https://registry.npmjs.org/clsx 3ms (cache hit)
npm http cache https://registry.npmjs.org/date-fns 13ms (cache hit)
npm http cache https://registry.npmjs.org/dotenv 8ms (cache hit)
npm http cache https://registry.npmjs.org/exceljs 5ms (cache hit)
npm http cache https://registry.npmjs.org/form-data 3ms (cache hit)
npm http cache https://registry.npmjs.org/jsonwebtoken 3ms (cache hit)
npm http cache https://registry.npmjs.org/jspdf 3ms (cache hit)
npm http cache https://registry.npmjs.org/lucide-react 8ms (cache hit)
npm http cache https://registry.npmjs.org/next 76ms (cache hit)
npm http cache https://registry.npmjs.org/node-fetch 9ms (cache hit)
npm http cache https://registry.npmjs.org/pdfkit 5ms (cache hit)
npm http cache https://registry.npmjs.org/pg 6ms (cache hit)
npm http cache https://registry.npmjs.org/postcss 5ms (cache hit)
npm http cache https://registry.npmjs.org/react 22ms (cache hit)
npm http cache https://registry.npmjs.org/react-dom 36ms (cache hit)
npm http cache https://registry.npmjs.org/react-hook-form 24ms (cache hit)
npm http cache https://registry.npmjs.org/sharp 7ms (cache hit)
npm http cache https://registry.npmjs.org/tailwindcss 30ms (cache hit)
npm http cache https://registry.npmjs.org/typescript 41ms (cache hit)
npm http fetch GET 200 https://registry.npmjs.org/xlsx 813ms (cache revalidated)
npm http fetch GET 200 https://registry.npmjs.org/zod 120ms (cache revalidated)
npm http fetch GET 200 https://registry.npmjs.org/@tailwindcss%2fforms 1020ms (cache revalidated)
npm http cache https://registry.npmjs.org/eslint 9ms (cache hit)
