
> aey-estimates@0.1.0 dev
> next dev -p 3003

 тип Failed to start server
Error: listen EADDRINUSE: address already in use :::3003
    at Server.setupListenHandle [as _listen2] (node:net:1939:16)
    at listenInCluster (node:net:1996:12)
    at Server.listen (node:net:2101:7)
    at /Users/nikolaybazhan/Desktop/AEY_APP3/node_modules/next/dist/server/lib/start-server.js:279:16
    at new Promise (<anonymous>)
    at startServer (/Users/nikolaybazhan/Desktop/AEY_APP3/node_modules/next/dist/server/lib/start-server.js:190:11)
    at /Users/nikolaybazhan/Desktop/AEY_APP3/node_modules/next/dist/server/lib/start-server.js:309:52
    at Span.traceAsyncFn (/Users/nikolaybazhan/Desktop/AEY_APP3/node_modules/next/dist/trace/trace.js:147:26)
    at process.<anonymous> (/Users/nikolaybazhan/Desktop/AEY_APP3/node_modules/next/dist/server/lib/start-server.js:309:35)
    at process.emit (node:events:518:28) {
  code: 'EADDRINUSE',
  errno: -48,
  syscall: 'listen',
  address: '::',
  port: 3003
}
[?25h
